{
  "stats": {
    "suites": 1,
    "tests": 6,
    "passes": 6,
    "pending": 0,
    "failures": 0,
    "start": "2026-07-02T00:42:06.100Z",
    "end": "2026-07-02T00:42:19.145Z",
    "duration": 13045,
    "testsRegistered": 6,
    "passPercent": 100,
    "pendingPercent": 0,
    "other": 0,
    "hasOther": false,
    "skipped": 0,
    "hasSkipped": false
  },
  "results": [
    {
      "uuid": "f26f3a42-6d4c-435a-a4fd-850305a55403",
      "title": "",
      "fullFile": "cypress\\e2e\\login.cy.js",
      "file": "cypress\\e2e\\login.cy.js",
      "beforeHooks": [],
      "afterHooks": [],
      "tests": [],
      "suites": [
        {
          "uuid": "a9d75b26-f416-4387-9f9a-231f44db19c8",
          "title": "Cenários de login",
          "fullFile": "",
          "file": "",
          "beforeHooks": [],
          "afterHooks": [],
          "tests": [
            {
              "title": "TC01 - login com credenciais válidas (inputs usando faker)",
              "fullTitle": "Cenários de login TC01 - login com credenciais válidas (inputs usando faker)",
              "timedOut": null,
              "duration": 4186,
              "state": "passed",
              "speed": "fast",
              "pass": true,
              "fail": false,
              "pending": false,
              "context": null,
              "code": "const email = faker.internet.email();\nconst password = faker.internet.password(12);\nloginPage.login(email, password);\nloginPage.assertFeedback();",
              "err": {},
              "uuid": "1c161afb-3969-46a3-8c0d-f3890e907235",
              "parentUUID": "a9d75b26-f416-4387-9f9a-231f44db19c8",
              "isHook": false,
              "skipped": false
            },
            {
              "title": "TC02 - login com senha inválida (faker)",
              "fullTitle": "Cenários de login TC02 - login com senha inválida (faker)",
              "timedOut": null,
              "duration": 1538,
              "state": "passed",
              "speed": "fast",
              "pass": true,
              "fail": false,
              "pending": false,
              "context": null,
              "code": "const email = faker.internet.email();\nconst password = faker.internet.password(8);\nloginPage.login(email, password);\nloginPage.assertFeedback();",
              "err": {},
              "uuid": "020fffda-f2a6-44f9-af00-5049c8e04356",
              "parentUUID": "a9d75b26-f416-4387-9f9a-231f44db19c8",
              "isHook": false,
              "skipped": false
            },
            {
              "title": "TC03 - login com usuário inexistente (faker)",
              "fullTitle": "Cenários de login TC03 - login com usuário inexistente (faker)",
              "timedOut": null,
              "duration": 1499,
              "state": "passed",
              "speed": "fast",
              "pass": true,
              "fail": false,
              "pending": false,
              "context": null,
              "code": "const email = faker.internet.email();\nconst password = faker.internet.password(10);\nloginPage.login(email, password);\nloginPage.assertFeedback();",
              "err": {},
              "uuid": "6572435d-928e-4a93-a565-f3baaf25fc95",
              "parentUUID": "a9d75b26-f416-4387-9f9a-231f44db19c8",
              "isHook": false,
              "skipped": false
            },
            {
              "title": "TC04 - login com campos vazios",
              "fullTitle": "Cenários de login TC04 - login com campos vazios",
              "timedOut": null,
              "duration": 1622,
              "state": "passed",
              "speed": "fast",
              "pass": true,
              "fail": false,
              "pending": false,
              "context": null,
              "code": "loginPage.fillCredentials('', '');\nloginPage.submit();\nloginPage.assertFeedback();",
              "err": {},
              "uuid": "6df891b8-a6b8-49bc-9fb1-7f21cf28bff2",
              "parentUUID": "a9d75b26-f416-4387-9f9a-231f44db19c8",
              "isHook": false,
              "skipped": false
            },
            {
              "title": "TC05 - SQL Injection (mantém payload de segurança)",
              "fullTitle": "Cenários de login TC05 - SQL Injection (mantém payload de segurança)",
              "timedOut": null,
              "duration": 1473,
              "state": "passed",
              "speed": "fast",
              "pass": true,
              "fail": false,
              "pending": false,
              "context": null,
              "code": "// payload maintained for security test, other fields use faker\nconst email = \"' OR '1'='1\";\nconst password = \"anything' OR 'x'='x\";\nloginPage.login(email, password);\nloginPage.assertFeedback();",
              "err": {},
              "uuid": "091760c0-5b6c-489b-a69a-a5d2726a025a",
              "parentUUID": "a9d75b26-f416-4387-9f9a-231f44db19c8",
              "isHook": false,
              "skipped": false
            },
            {
              "title": "TC06 - usabilidade e acessibilidade básica",
              "fullTitle": "Cenários de login TC06 - usabilidade e acessibilidade básica",
              "timedOut": null,
              "duration": 2048,
              "state": "passed",
              "speed": "fast",
              "pass": true,
              "fail": false,
              "pending": false,
              "context": null,
              "code": "cy.get(loginPage.selectors.email).filter(':visible').first().should('be.visible').and('have.attr', 'type', 'text');\ncy.get(loginPage.selectors.password).filter(':visible').first().should('be.visible').and('have.attr', 'type', 'password');\ncy.get(loginPage.selectors.submitButton).filter(':visible').first().should('be.visible');",
              "err": {},
              "uuid": "fb582737-dc03-43bc-b15d-34969bfe7c7d",
              "parentUUID": "a9d75b26-f416-4387-9f9a-231f44db19c8",
              "isHook": false,
              "skipped": false
            }
          ],
          "suites": [],
          "passes": [
            "1c161afb-3969-46a3-8c0d-f3890e907235",
            "020fffda-f2a6-44f9-af00-5049c8e04356",
            "6572435d-928e-4a93-a565-f3baaf25fc95",
            "6df891b8-a6b8-49bc-9fb1-7f21cf28bff2",
            "091760c0-5b6c-489b-a69a-a5d2726a025a",
            "fb582737-dc03-43bc-b15d-34969bfe7c7d"
          ],
          "failures": [],
          "pending": [],
          "skipped": [],
          "duration": 12366,
          "root": false,
          "rootEmpty": false,
          "_timeout": 2000
        }
      ],
      "passes": [],
      "failures": [],
      "pending": [],
      "skipped": [],
      "duration": 0,
      "root": true,
      "rootEmpty": true,
      "_timeout": 2000
    }
  ],
  "meta": {
    "mocha": {
      "version": "7.2.0"
    },
    "mochawesome": {
      "options": {
        "quiet": false,
        "reportFilename": "mochawesome",
        "saveHtml": false,
        "saveJson": true,
        "consoleReporter": "spec",
        "useInlineDiffs": false,
        "code": true
      },
      "version": "7.1.4"
    },
    "marge": {
      "options": {
        "reportDir": "cypress\\reports\\.jsons",
        "overwrite": false,
        "html": false,
        "json": true,
        "embeddedScreenshots": true,
        "inlineAssets": true
      },
      "version": "6.3.2"
    }
  }
}